<?xml version="1.0" encoding="UTF-8"?>
<!-- Generated by org.testng.reporters.JUnitReportReporter -->
<testsuite hostname="HP-PC" name="com.nilesh.citest.test.sayHelloTest" tests="1" failures="0" timestamp="23 Aug 2015 18:38:07 GMT" time="0.028" errors="0">
  <testcase name="testSayHello" time="0.028" classname="com.nilesh.citest.test.sayHelloTest"/>
</testsuite> <!-- com.nilesh.citest.test.sayHelloTest -->
